<?xml version="1.0" encoding="UTF-8"?>
<testng-results ignored="0" total="2" passed="2" failed="0" skipped="0">
  <reporter-output>
  </reporter-output>
  <suite started-at="2025-01-07T07:22:11 CST" name="Suite" finished-at="2025-01-07T07:22:25 CST" duration-ms="14233">
    <groups>
      <group name="cucumber">
        <method signature="AbstractTestNGCucumberTests.runScenario(io.cucumber.testng.PickleWrapper,io.cucumber.testng.FeatureWrapper)[pri:0, instance:TestRunner.Runnerfile@3571b748]" name="runScenario" class="io.cucumber.testng.AbstractTestNGCucumberTests"/>
      </group> <!-- cucumber -->
    </groups>
    <test started-at="2025-01-07T07:22:11 CST" name="regression" finished-at="2025-01-07T07:22:25 CST" duration-ms="14233">
      <class name="TestRunner.Runnerfile">
        <test-method is-config="true" signature="setUpClass(org.testng.ITestContext)[pri:0, instance:TestRunner.Runnerfile@3571b748]" started-at="2025-01-07T07:22:11 CST" name="setUpClass" finished-at="2025-01-07T07:22:12 CST" duration-ms="900" status="PASS">
          <params>
            <param index="0">
              <value>
                <![CDATA[org.testng.TestRunner@443a53df]]>
              </value>
            </param>
          </params>
          <reporter-output>
          </reporter-output>
        </test-method> <!-- setUpClass -->
        <test-method signature="runScenario(io.cucumber.testng.PickleWrapper,io.cucumber.testng.FeatureWrapper)[pri:0, instance:TestRunner.Runnerfile@3571b748]" started-at="2025-01-07T07:22:12 CST" name="runScenario" description="Runs Cucumber Scenarios" data-provider="scenarios" finished-at="2025-01-07T07:22:18 CST" duration-ms="6397" status="PASS">
          <params>
            <param index="0">
              <value>
                <![CDATA["To Validate that user is able to login with multiple login details"]]>
              </value>
            </param>
            <param index="1">
              <value>
                <![CDATA["Title of your feature"]]>
              </value>
            </param>
          </params>
          <reporter-output>
          </reporter-output>
        </test-method> <!-- runScenario -->
        <test-method signature="runScenario(io.cucumber.testng.PickleWrapper,io.cucumber.testng.FeatureWrapper)[pri:0, instance:TestRunner.Runnerfile@3571b748]" started-at="2025-01-07T07:22:18 CST" name="runScenario" description="Runs Cucumber Scenarios" data-provider="scenarios" finished-at="2025-01-07T07:22:25 CST" duration-ms="6283" status="PASS">
          <params>
            <param index="0">
              <value>
                <![CDATA["To Validate that user is able to login with multiple login details"]]>
              </value>
            </param>
            <param index="1">
              <value>
                <![CDATA["Title of your feature"]]>
              </value>
            </param>
          </params>
          <reporter-output>
          </reporter-output>
        </test-method> <!-- runScenario -->
        <test-method is-config="true" signature="tearDownClass()[pri:0, instance:TestRunner.Runnerfile@3571b748]" started-at="2025-01-07T07:22:25 CST" name="tearDownClass" finished-at="2025-01-07T07:22:25 CST" duration-ms="613" status="PASS">
          <reporter-output>
          </reporter-output>
        </test-method> <!-- tearDownClass -->
      </class> <!-- TestRunner.Runnerfile -->
    </test> <!-- regression -->
  </suite> <!-- Suite -->
</testng-results>
